# JRE version: OpenJDK Runtime Environment (11.0.15) (build 11.0.15+0-b2043.56-8887301)
# Java VM: OpenJDK 64-Bit Server VM (11.0.15+0-b2043.56-8887301, mixed mode, tiered, compressed oops, g1 gc, bsd-amd64)
Heap:
 garbage-first heap   total 262144K, used 151166K [0x0000000780000000, 0x0000000800000000)
  region size 1024K, 60 young (61440K), 10 survivors (10240K)
 Metaspace       used 102639K, capacity 105420K, committed 105840K, reserved 1140736K
  class space    used 13219K, capacity 14256K, committed 14412K, reserved 1048576K
GC Heap History (20 events):
Event: 6.461 GC heap before
{Heap before GC invocations=6 (full 0):
 garbage-first heap   total 262144K, used 133670K [0x0000000780000000, 0x0000000800000000)
  region size 1024K, 112 young (114688K), 6 survivors (6144K)
 Metaspace       used 44740K, capacity 45740K, committed 45896K, reserved 1089536K
  class space    used 5661K, capacity 6046K, committed 6092K, reserved 1048576K
}
Event: 6.479 GC heap after
{Heap after GC invocations=7 (full 0):
 garbage-first heap   total 262144K, used 30382K [0x0000000780000000, 0x0000000800000000)
  region size 1024K, 14 young (14336K), 14 survivors (14336K)
 Metaspace       used 44740K, capacity 45740K, committed 45896K, reserved 1089536K
  class space    used 5661K, capacity 6046K, committed 6092K, reserved 1048576K
}
Event: 8.317 GC heap before
{Heap before GC invocations=7 (full 0):
 garbage-first heap   total 262144K, used 164526K [0x0000000780000000, 0x0000000800000000)
  region size 1024K, 142 young (145408K), 14 survivors (14336K)
 Metaspace       used 53005K, capacity 54403K, committed 54600K, reserved 1097728K
  class space    used 6735K, capacity 7297K, committed 7372K, reserved 1048576K
}
Event: 8.350 GC heap after
{Heap after GC invocations=8 (full 0):
 garbage-first heap   total 262144K, used 41952K [0x0000000780000000, 0x0000000800000000)
  region size 1024K, 18 young (18432K), 18 survivors (18432K)
 Metaspace       used 53005K, capacity 54403K, committed 54600K, reserved 1097728K
  class space    used 6735K, capacity 7297K, committed 7372K, reserved 1048576K
}
Event: 8.984 GC heap before
{Heap before GC invocations=8 (full 0):
 garbage-first heap   total 262144K, used 79840K [0x0000000780000000, 0x0000000800000000)
  region size 1024K, 56 young (57344K), 18 survivors (18432K)
 Metaspace       used 58198K, capacity 59790K, committed 60068K, reserved 1101824K
  class space    used 7392K, capacity 7990K, committed 8012K, reserved 1048576K
}
Event: 9.000 GC heap after
{Heap after GC invocations=9 (full 0):
 garbage-first heap   total 262144K, used 44742K [0x0000000780000000, 0x0000000800000000)
  region size 1024K, 13 young (13312K), 13 survivors (13312K)
 Metaspace       used 58198K, capacity 59790K, committed 60068K, reserved 1101824K
  class space    used 7392K, capacity 7990K, committed 8012K, reserved 1048576K
}
Event: 10.685 GC heap before
{Heap before GC invocations=10 (full 0):
 garbage-first heap   total 262144K, used 195270K [0x0000000780000000, 0x0000000800000000)
  region size 1024K, 153 young (156672K), 13 survivors (13312K)
 Metaspace       used 66735K, capacity 68431K, committed 68720K, reserved 1110016K
  class space    used 8577K, capacity 9245K, committed 9292K, reserved 1048576K
}
Event: 10.701 GC heap after
{Heap after GC invocations=11 (full 0):
 garbage-first heap   total 262144K, used 54551K [0x0000000780000000, 0x0000000800000000)
  region size 1024K, 13 young (13312K), 13 survivors (13312K)
 Metaspace       used 66735K, capacity 68431K, committed 68720K, reserved 1110016K
  class space    used 8577K, capacity 9245K, committed 9292K, reserved 1048576K
}
Event: 12.850 GC heap before
{Heap before GC invocations=11 (full 0):
 garbage-first heap   total 262144K, used 192791K [0x0000000780000000, 0x0000000800000000)
  region size 1024K, 148 young (151552K), 13 survivors (13312K)
 Metaspace       used 79142K, capacity 81168K, committed 81392K, reserved 1120256K
  class space    used 10370K, capacity 11119K, committed 11212K, reserved 1048576K
}
Event: 12.868 GC heap after
{Heap after GC invocations=12 (full 0):
 garbage-first heap   total 262144K, used 64340K [0x0000000780000000, 0x0000000800000000)
  region size 1024K, 10 young (10240K), 10 survivors (10240K)
 Metaspace       used 79142K, capacity 81168K, committed 81392K, reserved 1120256K
  class space    used 10370K, capacity 11119K, committed 11212K, reserved 1048576K
}
Event: 14.175 GC heap before
{Heap before GC invocations=12 (full 0):
 garbage-first heap   total 262144K, used 199508K [0x0000000780000000, 0x0000000800000000)
  region size 1024K, 143 young (146432K), 10 survivors (10240K)
 Metaspace       used 82088K, capacity 84457K, committed 84592K, reserved 1122304K
  class space    used 10826K, capacity 11728K, committed 11852K, reserved 1048576K
}
Event: 14.197 GC heap after
{Heap after GC invocations=13 (full 0):
 garbage-first heap   total 262144K, used 78072K [0x0000000780000000, 0x0000000800000000)
  region size 1024K, 14 young (14336K), 14 survivors (14336K)
 Metaspace       used 82088K, capacity 84457K, committed 84592K, reserved 1122304K
  class space    used 10826K, capacity 11728K, committed 11852K, reserved 1048576K
}
Event: 16.144 GC heap before
{Heap before GC invocations=13 (full 0):
 garbage-first heap   total 262144K, used 221432K [0x0000000780000000, 0x0000000800000000)
  region size 1024K, 136 young (139264K), 14 survivors (14336K)
 Metaspace       used 88520K, capacity 91097K, committed 91248K, reserved 1128448K
  class space    used 11569K, capacity 12594K, committed 12620K, reserved 1048576K
}
Event: 16.169 GC heap after
{Heap after GC invocations=14 (full 0):
 garbage-first heap   total 262144K, used 83171K [0x0000000780000000, 0x0000000800000000)
  region size 1024K, 6 young (6144K), 6 survivors (6144K)
 Metaspace       used 88520K, capacity 91097K, committed 91248K, reserved 1128448K
  class space    used 11569K, capacity 12594K, committed 12620K, reserved 1048576K
}
Event: 17.252 GC heap before
{Heap before GC invocations=14 (full 0):
 garbage-first heap   total 262144K, used 206051K [0x0000000780000000, 0x0000000800000000)
  region size 1024K, 127 young (130048K), 6 survivors (6144K)
 Metaspace       used 92070K, capacity 94746K, committed 94960K, reserved 1132544K
  class space    used 11988K, capacity 12989K, committed 13004K, reserved 1048576K
}
Event: 17.289 GC heap after
{Heap after GC invocations=15 (full 0):
 garbage-first heap   total 262144K, used 90349K [0x0000000780000000, 0x0000000800000000)
  region size 1024K, 13 young (13312K), 13 survivors (13312K)
 Metaspace       used 92070K, capacity 94746K, committed 94960K, reserved 1132544K
  class space    used 11988K, capacity 12989K, committed 13004K, reserved 1048576K
}
Event: 19.902 GC heap before
{Heap before GC invocations=15 (full 0):
 garbage-first heap   total 262144K, used 208109K [0x0000000780000000, 0x0000000800000000)
  region size 1024K, 129 young (132096K), 13 survivors (13312K)
 Metaspace       used 97045K, capacity 99792K, committed 99952K, reserved 1136640K
  class space    used 12572K, capacity 13622K, committed 13644K, reserved 1048576K
}
Event: 19.921 GC heap after
{Heap after GC invocations=16 (full 0):
 garbage-first heap   total 262144K, used 98601K [0x0000000780000000, 0x0000000800000000)
  region size 1024K, 16 young (16384K), 16 survivors (16384K)
 Metaspace       used 97045K, capacity 99792K, committed 99952K, reserved 1136640K
  class space    used 12572K, capacity 13622K, committed 13644K, reserved 1048576K
}
Event: 20.010 GC heap before
{Heap before GC invocations=16 (full 0):
 garbage-first heap   total 262144K, used 100649K [0x0000000780000000, 0x0000000800000000)
  region size 1024K, 19 young (19456K), 16 survivors (16384K)
 Metaspace       used 97713K, capacity 100388K, committed 100592K, reserved 1136640K
  class space    used 12656K, capacity 13692K, committed 13772K, reserved 1048576K
}
Event: 20.037 GC heap after
{Heap after GC invocations=17 (full 0):
 garbage-first heap   total 262144K, used 99966K [0x0000000780000000, 0x0000000800000000)
  region size 1024K, 10 young (10240K), 10 survivors (10240K)
 Metaspace       used 97713K, capacity 100388K, committed 100592K, reserved 1136640K
  class space    used 12656K, capacity 13692K, committed 13772K, reserved 1048576K
}

