# JRE version: OpenJDK Runtime Environment (11.0.15) (build 11.0.15+0-b2043.56-8887301)
# Java VM: OpenJDK 64-Bit Server VM (11.0.15+0-b2043.56-8887301, mixed mode, tiered, compressed oops, g1 gc, bsd-amd64)
Heap:
 garbage-first heap   total 315392K, used 182386K [0x0000000780000000, 0x0000000800000000)
  region size 1024K, 111 young (113664K), 10 survivors (10240K)
 Metaspace       used 89886K, capacity 92465K, committed 92788K, reserved 1130496K
  class space    used 11719K, capacity 12682K, committed 12800K, reserved 1048576K
GC Heap History (20 events):
Event: 0.850 GC heap before
{Heap before GC invocations=0 (full 0):
 garbage-first heap   total 262144K, used 29696K [0x0000000780000000, 0x0000000800000000)
  region size 1024K, 24 young (24576K), 0 survivors (0K)
 Metaspace       used 9967K, capacity 10118K, committed 10368K, reserved 1058816K
  class space    used 1019K, capacity 1075K, committed 1152K, reserved 1048576K
}
Event: 0.854 GC heap after
{Heap after GC invocations=1 (full 0):
 garbage-first heap   total 262144K, used 9606K [0x0000000780000000, 0x0000000800000000)
  region size 1024K, 3 young (3072K), 3 survivors (3072K)
 Metaspace       used 9967K, capacity 10118K, committed 10368K, reserved 1058816K
  class space    used 1019K, capacity 1075K, committed 1152K, reserved 1048576K
}
Event: 2.044 GC heap before
{Heap before GC invocations=1 (full 0):
 garbage-first heap   total 262144K, used 99718K [0x0000000780000000, 0x0000000800000000)
  region size 1024K, 92 young (94208K), 3 survivors (3072K)
 Metaspace       used 20631K, capacity 21055K, committed 21296K, reserved 1069056K
  class space    used 2500K, capacity 2681K, committed 2688K, reserved 1048576K
}
Event: 2.056 GC heap after
{Heap after GC invocations=2 (full 0):
 garbage-first heap   total 262144K, used 17394K [0x0000000780000000, 0x0000000800000000)
  region size 1024K, 11 young (11264K), 11 survivors (11264K)
 Metaspace       used 20631K, capacity 21055K, committed 21296K, reserved 1069056K
  class space    used 2500K, capacity 2681K, committed 2688K, reserved 1048576K
}
Event: 2.713 GC heap before
{Heap before GC invocations=3 (full 0):
 garbage-first heap   total 262144K, used 83954K [0x0000000780000000, 0x0000000800000000)
  region size 1024K, 76 young (77824K), 11 survivors (11264K)
 Metaspace       used 27142K, capacity 27744K, committed 28080K, reserved 1073152K
  class space    used 3543K, capacity 3792K, committed 3840K, reserved 1048576K
}
Event: 2.723 GC heap after
{Heap after GC invocations=4 (full 0):
 garbage-first heap   total 262144K, used 19663K [0x0000000780000000, 0x0000000800000000)
  region size 1024K, 3 young (3072K), 3 survivors (3072K)
 Metaspace       used 27142K, capacity 27744K, committed 28080K, reserved 1073152K
  class space    used 3543K, capacity 3792K, committed 3840K, reserved 1048576K
}
Event: 3.459 GC heap before
{Heap before GC invocations=4 (full 0):
 garbage-first heap   total 262144K, used 77007K [0x0000000780000000, 0x0000000800000000)
  region size 1024K, 60 young (61440K), 3 survivors (3072K)
 Metaspace       used 34737K, capacity 35600K, committed 35888K, reserved 1081344K
  class space    used 4534K, capacity 4881K, committed 4992K, reserved 1048576K
}
Event: 3.470 GC heap after
{Heap after GC invocations=5 (full 0):
 garbage-first heap   total 262144K, used 22538K [0x0000000780000000, 0x0000000800000000)
  region size 1024K, 6 young (6144K), 6 survivors (6144K)
 Metaspace       used 34737K, capacity 35600K, committed 35888K, reserved 1081344K
  class space    used 4534K, capacity 4881K, committed 4992K, reserved 1048576K
}
Event: 4.755 GC heap before
{Heap before GC invocations=6 (full 0):
 garbage-first heap   total 262144K, used 133130K [0x0000000780000000, 0x0000000800000000)
  region size 1024K, 111 young (113664K), 6 survivors (6144K)
 Metaspace       used 44698K, capacity 45801K, committed 46000K, reserved 1089536K
  class space    used 5657K, capacity 6045K, committed 6144K, reserved 1048576K
}
Event: 4.771 GC heap after
{Heap after GC invocations=7 (full 0):
 garbage-first heap   total 262144K, used 30123K [0x0000000780000000, 0x0000000800000000)
  region size 1024K, 13 young (13312K), 13 survivors (13312K)
 Metaspace       used 44698K, capacity 45801K, committed 46000K, reserved 1089536K
  class space    used 5657K, capacity 6045K, committed 6144K, reserved 1048576K
}
Event: 6.385 GC heap before
{Heap before GC invocations=8 (full 0):
 garbage-first heap   total 262144K, used 165291K [0x0000000780000000, 0x0000000800000000)
  region size 1024K, 143 young (146432K), 13 survivors (13312K)
 Metaspace       used 53308K, capacity 54752K, committed 54960K, reserved 1097728K
  class space    used 6788K, capacity 7330K, committed 7424K, reserved 1048576K
}
Event: 6.405 GC heap after
{Heap after GC invocations=9 (full 0):
 garbage-first heap   total 262144K, used 42242K [0x0000000780000000, 0x0000000800000000)
  region size 1024K, 18 young (18432K), 18 survivors (18432K)
 Metaspace       used 53308K, capacity 54752K, committed 54960K, reserved 1097728K
  class space    used 6788K, capacity 7330K, committed 7424K, reserved 1048576K
}
Event: 8.113 GC heap before
{Heap before GC invocations=9 (full 0):
 garbage-first heap   total 262144K, used 187650K [0x0000000780000000, 0x0000000800000000)
  region size 1024K, 153 young (156672K), 18 survivors (18432K)
 Metaspace       used 63883K, capacity 65506K, committed 65840K, reserved 1105920K
  class space    used 8130K, capacity 8785K, committed 8832K, reserved 1048576K
}
Event: 8.132 GC heap after
{Heap after GC invocations=10 (full 0):
 garbage-first heap   total 262144K, used 51779K [0x0000000780000000, 0x0000000800000000)
  region size 1024K, 20 young (20480K), 20 survivors (20480K)
 Metaspace       used 63883K, capacity 65506K, committed 65840K, reserved 1105920K
  class space    used 8130K, capacity 8785K, committed 8832K, reserved 1048576K
}
Event: 9.986 GC heap before
{Heap before GC invocations=10 (full 0):
 garbage-first heap   total 262144K, used 175683K [0x0000000780000000, 0x0000000800000000)
  region size 1024K, 142 young (145408K), 20 survivors (20480K)
 Metaspace       used 75124K, capacity 76920K, committed 77096K, reserved 1116160K
  class space    used 9894K, capacity 10613K, committed 10624K, reserved 1048576K
}
Event: 10.021 GC heap after
{Heap after GC invocations=11 (full 0):
 garbage-first heap   total 262144K, used 59067K [0x0000000780000000, 0x0000000800000000)
  region size 1024K, 18 young (18432K), 18 survivors (18432K)
 Metaspace       used 75124K, capacity 76920K, committed 77096K, reserved 1116160K
  class space    used 9894K, capacity 10613K, committed 10624K, reserved 1048576K
}
Event: 11.478 GC heap before
{Heap before GC invocations=12 (full 0):
 garbage-first heap   total 262144K, used 195259K [0x0000000780000000, 0x0000000800000000)
  region size 1024K, 152 young (155648K), 18 survivors (18432K)
 Metaspace       used 81330K, capacity 83682K, committed 83828K, reserved 1122304K
  class space    used 10758K, capacity 11673K, committed 11776K, reserved 1048576K
}
Event: 11.512 GC heap after
{Heap after GC invocations=13 (full 0):
 garbage-first heap   total 262144K, used 71296K [0x0000000780000000, 0x0000000800000000)
  region size 1024K, 19 young (19456K), 19 survivors (19456K)
 Metaspace       used 81330K, capacity 83682K, committed 83828K, reserved 1122304K
  class space    used 10758K, capacity 11673K, committed 11776K, reserved 1048576K
}
Event: 13.389 GC heap before
{Heap before GC invocations=14 (full 0):
 garbage-first heap   total 262144K, used 199296K [0x0000000780000000, 0x0000000800000000)
  region size 1024K, 145 young (148480K), 19 survivors (19456K)
 Metaspace       used 86111K, capacity 88575K, committed 88948K, reserved 1126400K
  class space    used 11259K, capacity 12166K, committed 12288K, reserved 1048576K
}
Event: 13.417 GC heap after
{Heap after GC invocations=15 (full 0):
 garbage-first heap   total 315392K, used 81010K [0x0000000780000000, 0x0000000800000000)
  region size 1024K, 10 young (10240K), 10 survivors (10240K)
 Metaspace       used 86111K, capacity 88575K, committed 88948K, reserved 1126400K
  class space    used 11259K, capacity 12166K, committed 12288K, reserved 1048576K
}

