# JRE version: OpenJDK Runtime Environment (11.0.15) (build 11.0.15+0-b2043.56-8887301)
# Java VM: OpenJDK 64-Bit Server VM (11.0.15+0-b2043.56-8887301, mixed mode, tiered, compressed oops, g1 gc, bsd-amd64)
Heap:
 garbage-first heap   total 262144K, used 28510K [0x0000000780000000, 0x0000000800000000)
  region size 1024K, 13 young (13312K), 6 survivors (6144K)
 Metaspace       used 36979K, capacity 37933K, committed 38172K, reserved 1083392K
  class space    used 4814K, capacity 5169K, committed 5272K, reserved 1048576K
GC Heap History (8 events):
Event: 1.079 GC heap before
{Heap before GC invocations=0 (full 0):
 garbage-first heap   total 262144K, used 29696K [0x0000000780000000, 0x0000000800000000)
  region size 1024K, 24 young (24576K), 0 survivors (0K)
 Metaspace       used 9945K, capacity 10118K, committed 10368K, reserved 1058816K
  class space    used 1018K, capacity 1075K, committed 1152K, reserved 1048576K
}
Event: 1.086 GC heap after
{Heap after GC invocations=1 (full 0):
 garbage-first heap   total 262144K, used 9548K [0x0000000780000000, 0x0000000800000000)
  region size 1024K, 3 young (3072K), 3 survivors (3072K)
 Metaspace       used 9945K, capacity 10118K, committed 10368K, reserved 1058816K
  class space    used 1018K, capacity 1075K, committed 1152K, reserved 1048576K
}
Event: 3.229 GC heap before
{Heap before GC invocations=1 (full 0):
 garbage-first heap   total 262144K, used 101708K [0x0000000780000000, 0x0000000800000000)
  region size 1024K, 93 young (95232K), 3 survivors (3072K)
 Metaspace       used 20661K, capacity 21055K, committed 21296K, reserved 1069056K
  class space    used 2503K, capacity 2681K, committed 2688K, reserved 1048576K
}
Event: 3.243 GC heap after
{Heap after GC invocations=2 (full 0):
 garbage-first heap   total 262144K, used 17329K [0x0000000780000000, 0x0000000800000000)
  region size 1024K, 11 young (11264K), 11 survivors (11264K)
 Metaspace       used 20661K, capacity 21055K, committed 21296K, reserved 1069056K
  class space    used 2503K, capacity 2681K, committed 2688K, reserved 1048576K
}
Event: 4.489 GC heap before
{Heap before GC invocations=3 (full 0):
 garbage-first heap   total 262144K, used 77745K [0x0000000780000000, 0x0000000800000000)
  region size 1024K, 71 young (72704K), 11 survivors (11264K)
 Metaspace       used 26920K, capacity 27578K, committed 27772K, reserved 1073152K
  class space    used 3505K, capacity 3758K, committed 3788K, reserved 1048576K
}
Event: 4.505 GC heap after
{Heap after GC invocations=4 (full 0):
 garbage-first heap   total 262144K, used 19358K [0x0000000780000000, 0x0000000800000000)
  region size 1024K, 3 young (3072K), 3 survivors (3072K)
 Metaspace       used 26920K, capacity 27578K, committed 27772K, reserved 1073152K
  class space    used 3505K, capacity 3758K, committed 3788K, reserved 1048576K
}
Event: 6.086 GC heap before
{Heap before GC invocations=4 (full 0):
 garbage-first heap   total 262144K, used 82846K [0x0000000780000000, 0x0000000800000000)
  region size 1024K, 66 young (67584K), 3 survivors (3072K)
 Metaspace       used 35080K, capacity 35920K, committed 36048K, reserved 1081344K
  class space    used 4542K, capacity 4881K, committed 4940K, reserved 1048576K
}
Event: 6.103 GC heap after
{Heap after GC invocations=5 (full 0):
 garbage-first heap   total 262144K, used 22366K [0x0000000780000000, 0x0000000800000000)
  region size 1024K, 6 young (6144K), 6 survivors (6144K)
 Metaspace       used 35080K, capacity 35920K, committed 36048K, reserved 1081344K
  class space    used 4542K, capacity 4881K, committed 4940K, reserved 1048576K
}

